[09/Sep/2020:14:06:21] (I): WordPress Instance Info:
[09/Sep/2020:14:06:21] (I): Home URL : http://www.ddsciences.com/auto
[09/Sep/2020:14:06:21] (I): Site URL : http://www.ddsciences.com/auto
[09/Sep/2020:14:06:21] (I): WordPress Version : 5.5.1
[09/Sep/2020:14:06:21] (I): Onboarding Version : 1.0.9
[09/Sep/2020:14:06:21] (I): Multisite : No
[09/Sep/2020:14:06:21] (I): Server Info : Apache
[09/Sep/2020:14:06:21] (I): PHP Version : 7.3.20
[09/Sep/2020:14:06:21] (I): HTTPS : No
[09/Sep/2020:14:06:21] (I): PHP Max Execution Time : 30
[09/Sep/2020:14:06:21] (I): PHP Max Input Vars : 1000
[09/Sep/2020:14:06:21] (I): Max Upload Size : 33554432
[09/Sep/2020:14:06:21] (I): Plugins:
[09/Sep/2020:14:06:21] (I): [PLUGIN] Elementor : v3.0.6 (Elementor.com)
[09/Sep/2020:14:06:21] (I): [PLUGIN] Limit Login Attempts Reloaded : v2.15.1 (WPChef)
[09/Sep/2020:14:06:21] (I): [PLUGIN] Templates Patterns Collection : v1.0.9 (ThemeIsle)
[09/Sep/2020:14:06:21] (I): [PLUGIN] Orbit Fox Companion : v2.9.17 (Themeisle)
[09/Sep/2020:14:06:21] (P): Saving remote XML
[09/Sep/2020:14:06:21] (S): Saved remote XML at path /home/spe2vk7hrvsd/public_html/auto/wp-content/uploads/themeisle-demo-import.xml.
[09/Sep/2020:14:06:21] (P): Starting content import...
[09/Sep/2020:14:06:21] (S): Import started.
[09/Sep/2020:14:06:21] (S): Parsing XML file.
[09/Sep/2020:14:06:21] (P): Starting parsing file:/home/spe2vk7hrvsd/public_html/auto/wp-content/uploads/themeisle-demo-import.xml
[09/Sep/2020:14:06:21] (P): Using WXR_Parser_SimpleXML...
[09/Sep/2020:14:06:21] (S): Parsed XML
[09/Sep/2020:14:06:21] (P): Processing categories...
[09/Sep/2020:14:06:21] (S): Processed categories.
[09/Sep/2020:14:06:21] (P): Processing tags...
[09/Sep/2020:14:06:21] (S): No tags to process.
[09/Sep/2020:14:06:21] (P): Processing terms...
[09/Sep/2020:14:06:21] (S): Processed terms.
[09/Sep/2020:14:06:21] (P): Processing posts...
[09/Sep/2020:14:06:21] (P): Processing single menu item ' '...
[09/Sep/2020:14:06:21] (P): Processing attachment: https://s33834.pcdn.co/web-agency/wp-content/uploads/sites/421/2020/01/neve-web-design-studio-02.jpg...
[09/Sep/2020:14:06:21] (P): Fetching attachment from url: https://s33834.pcdn.co/web-agency/wp-content/uploads/sites/421/2020/01/neve-web-design-studio-02.jpg...
[09/Sep/2020:14:06:22] (S): Fetched remote attachment.
[09/Sep/2020:14:06:22] (P): Inserting attachment...
[09/Sep/2020:14:06:22] (S): Attachment inserted
[09/Sep/2020:14:06:22] (S): Processed attachment.
[09/Sep/2020:14:06:22] (P): Processing attachment: https://s33834.pcdn.co/web-agency/wp-content/uploads/sites/421/2020/01/neve-web-design-studio-03.jpg...
[09/Sep/2020:14:06:22] (P): Fetching attachment from url: https://s33834.pcdn.co/web-agency/wp-content/uploads/sites/421/2020/01/neve-web-design-studio-03.jpg...
[09/Sep/2020:14:06:22] (S): Fetched remote attachment.
[09/Sep/2020:14:06:22] (P): Inserting attachment...
[09/Sep/2020:14:06:22] (S): Attachment inserted
[09/Sep/2020:14:06:22] (S): Processed attachment.
[09/Sep/2020:14:06:22] (P): Processing attachment: https://s33834.pcdn.co/web-agency/wp-content/uploads/sites/421/2020/01/neve-web-design-studio-04.jpg...
[09/Sep/2020:14:06:22] (P): Fetching attachment from url: https://s33834.pcdn.co/web-agency/wp-content/uploads/sites/421/2020/01/neve-web-design-studio-04.jpg...
[09/Sep/2020:14:06:22] (S): Fetched remote attachment.
[09/Sep/2020:14:06:22] (P): Inserting attachment...
[09/Sep/2020:14:06:22] (S): Attachment inserted
[09/Sep/2020:14:06:22] (S): Processed attachment.
[09/Sep/2020:14:06:22] (P): Processing attachment: https://s33834.pcdn.co/web-agency/wp-content/uploads/sites/421/2020/01/neve-web-design-studio-05.jpg...
[09/Sep/2020:14:06:22] (P): Fetching attachment from url: https://s33834.pcdn.co/web-agency/wp-content/uploads/sites/421/2020/01/neve-web-design-studio-05.jpg...
[09/Sep/2020:14:06:22] (S): Fetched remote attachment.
[09/Sep/2020:14:06:22] (P): Inserting attachment...
[09/Sep/2020:14:06:22] (S): Attachment inserted
[09/Sep/2020:14:06:22] (S): Processed attachment.
[09/Sep/2020:14:06:22] (P): Processing attachment: https://s33834.pcdn.co/web-agency/wp-content/uploads/sites/421/2020/01/neve-web-design-studio-06.jpg...
[09/Sep/2020:14:06:22] (P): Fetching attachment from url: https://s33834.pcdn.co/web-agency/wp-content/uploads/sites/421/2020/01/neve-web-design-studio-06.jpg...
[09/Sep/2020:14:06:22] (S): Fetched remote attachment.
[09/Sep/2020:14:06:22] (P): Inserting attachment...
[09/Sep/2020:14:06:22] (S): Attachment inserted
[09/Sep/2020:14:06:22] (S): Processed attachment.
[09/Sep/2020:14:06:22] (P): Processing attachment: https://s33834.pcdn.co/web-agency/wp-content/uploads/sites/421/2020/01/neve-web-design-studio-07.jpg...
[09/Sep/2020:14:06:22] (P): Fetching attachment from url: https://s33834.pcdn.co/web-agency/wp-content/uploads/sites/421/2020/01/neve-web-design-studio-07.jpg...
[09/Sep/2020:14:06:22] (S): Fetched remote attachment.
[09/Sep/2020:14:06:22] (P): Inserting attachment...
[09/Sep/2020:14:06:22] (S): Attachment inserted
[09/Sep/2020:14:06:22] (S): Processed attachment.
[09/Sep/2020:14:06:22] (P): Processing attachment: https://s33834.pcdn.co/web-agency/wp-content/uploads/sites/421/2020/01/neve-web-design-studio-08.jpg...
[09/Sep/2020:14:06:22] (P): Fetching attachment from url: https://s33834.pcdn.co/web-agency/wp-content/uploads/sites/421/2020/01/neve-web-design-studio-08.jpg...
[09/Sep/2020:14:06:22] (S): Fetched remote attachment.
[09/Sep/2020:14:06:22] (P): Inserting attachment...
[09/Sep/2020:14:06:22] (S): Attachment inserted
[09/Sep/2020:14:06:22] (S): Processed attachment.
[09/Sep/2020:14:06:22] (P): Processing attachment: https://s33834.pcdn.co/web-agency/wp-content/uploads/sites/421/2020/01/neve-web-design-studio-09.jpg...
[09/Sep/2020:14:06:22] (P): Fetching attachment from url: https://s33834.pcdn.co/web-agency/wp-content/uploads/sites/421/2020/01/neve-web-design-studio-09.jpg...
[09/Sep/2020:14:06:22] (S): Fetched remote attachment.
[09/Sep/2020:14:06:22] (P): Inserting attachment...
[09/Sep/2020:14:06:22] (S): Attachment inserted
[09/Sep/2020:14:06:22] (S): Processed attachment.
[09/Sep/2020:14:06:22] (P): Processing attachment: https://s33834.pcdn.co/web-agency/wp-content/uploads/sites/421/2020/01/neve-web-design-studio-10.jpg...
[09/Sep/2020:14:06:22] (P): Fetching attachment from url: https://s33834.pcdn.co/web-agency/wp-content/uploads/sites/421/2020/01/neve-web-design-studio-10.jpg...
[09/Sep/2020:14:06:22] (S): Fetched remote attachment.
[09/Sep/2020:14:06:22] (P): Inserting attachment...
[09/Sep/2020:14:06:22] (S): Attachment inserted
[09/Sep/2020:14:06:22] (S): Processed attachment.
[09/Sep/2020:14:06:22] (P): Processing attachment: https://s33834.pcdn.co/web-agency/wp-content/uploads/sites/421/2020/01/neve-web-design-studio-11.jpg...
[09/Sep/2020:14:06:22] (P): Fetching attachment from url: https://s33834.pcdn.co/web-agency/wp-content/uploads/sites/421/2020/01/neve-web-design-studio-11.jpg...
[09/Sep/2020:14:06:22] (S): Fetched remote attachment.
[09/Sep/2020:14:06:22] (P): Inserting attachment...
[09/Sep/2020:14:06:22] (S): Attachment inserted
[09/Sep/2020:14:06:22] (S): Processed attachment.
[09/Sep/2020:14:06:22] (P): Processing single menu item ' '...
[09/Sep/2020:14:06:22] (P): Processing single menu item ' '...
[09/Sep/2020:14:06:22] (P): Processing single menu item ' '...
[09/Sep/2020:14:06:22] (P): Processing attachment: https://s33834.pcdn.co/web-agency/wp-content/uploads/sites/421/2020/06/cropped-web-agency-logo.png...
[09/Sep/2020:14:06:22] (P): Fetching attachment from url: https://s33834.pcdn.co/web-agency/wp-content/uploads/sites/421/2020/06/cropped-web-agency-logo.png...
[09/Sep/2020:14:06:22] (S): Fetched remote attachment.
[09/Sep/2020:14:06:22] (P): Inserting attachment...
[09/Sep/2020:14:06:22] (S): Attachment inserted
[09/Sep/2020:14:06:22] (S): Processed attachment.
[09/Sep/2020:14:06:22] (P): Processing attachment: https://s33834.pcdn.co/web-agency/wp-content/uploads/sites/421/2020/06/web-agency-logo-2.png...
[09/Sep/2020:14:06:22] (P): Fetching attachment from url: https://s33834.pcdn.co/web-agency/wp-content/uploads/sites/421/2020/06/web-agency-logo-2.png...
[09/Sep/2020:14:06:23] (S): Fetched remote attachment.
[09/Sep/2020:14:06:23] (P): Inserting attachment...
[09/Sep/2020:14:06:23] (S): Attachment inserted
[09/Sep/2020:14:06:23] (S): Processed attachment.
[09/Sep/2020:14:06:23] (P): Processing attachment: https://s33834.pcdn.co/web-agency/wp-content/uploads/sites/421/2020/06/cropped-web-agency-logo-2.png...
[09/Sep/2020:14:06:23] (P): Fetching attachment from url: https://s33834.pcdn.co/web-agency/wp-content/uploads/sites/421/2020/06/cropped-web-agency-logo-2.png...
[09/Sep/2020:14:06:23] (S): Fetched remote attachment.
[09/Sep/2020:14:06:23] (P): Inserting attachment...
[09/Sep/2020:14:06:23] (S): Attachment inserted
[09/Sep/2020:14:06:23] (S): Processed attachment.
[09/Sep/2020:14:06:23] (P): Processing attachment: https://s33834.pcdn.co/web-agency/wp-content/uploads/sites/421/2020/06/web-agency-icon.png...
[09/Sep/2020:14:06:23] (P): Fetching attachment from url: https://s33834.pcdn.co/web-agency/wp-content/uploads/sites/421/2020/06/web-agency-icon.png...
[09/Sep/2020:14:06:23] (S): Fetched remote attachment.
[09/Sep/2020:14:06:23] (P): Inserting attachment...
[09/Sep/2020:14:06:23] (S): Attachment inserted
[09/Sep/2020:14:06:23] (S): Processed attachment.
[09/Sep/2020:14:06:23] (P): Processing attachment: https://s33834.pcdn.co/web-agency/wp-content/uploads/sites/421/2020/06/cropped-web-agency-icon.png...
[09/Sep/2020:14:06:23] (P): Fetching attachment from url: https://s33834.pcdn.co/web-agency/wp-content/uploads/sites/421/2020/06/cropped-web-agency-icon.png...
[09/Sep/2020:14:06:23] (S): Fetched remote attachment.
[09/Sep/2020:14:06:23] (P): Inserting attachment...
[09/Sep/2020:14:06:23] (S): Attachment inserted
[09/Sep/2020:14:06:23] (S): Processed attachment.
[09/Sep/2020:14:06:23] (P): Processing attachment: https://s33834.pcdn.co/web-agency/wp-content/uploads/sites/421/2020/07/web-design-studio-01.jpg.jpg...
[09/Sep/2020:14:06:23] (P): Fetching attachment from url: https://s33834.pcdn.co/web-agency/wp-content/uploads/sites/421/2020/07/web-design-studio-01.jpg.jpg...
[09/Sep/2020:14:06:23] (S): Fetched remote attachment.
[09/Sep/2020:14:06:23] (P): Inserting attachment...
[09/Sep/2020:14:06:23] (S): Attachment inserted
[09/Sep/2020:14:06:23] (S): Processed attachment.
[09/Sep/2020:14:06:23] (P): Inserting post: 5 UX Principles for Creating a Great Website .
[09/Sep/2020:14:06:23] (S): Done inserting post: 5 UX Principles for Creating a Great Website .
[09/Sep/2020:14:06:23] (P): Inserting page: News .
[09/Sep/2020:14:06:23] (S): Done inserting page: News .
[09/Sep/2020:14:06:23] (P): Inserting page: Home .
[09/Sep/2020:14:06:23] (S): Done inserting page: Home .
[09/Sep/2020:14:06:23] (P): Filtering elementor meta...
[09/Sep/2020:14:06:23] (S): Filtered elementor meta.
[09/Sep/2020:14:06:23] (P): Inserting post: Web Design Trends for 2020 .
[09/Sep/2020:14:06:23] (S): Done inserting post: Web Design Trends for 2020 .
[09/Sep/2020:14:06:23] (P): Inserting post: A Simple Guide to Design Thinking .
[09/Sep/2020:14:06:23] (S): Done inserting post: A Simple Guide to Design Thinking .
[09/Sep/2020:14:06:23] (P): Inserting page: About Us .
[09/Sep/2020:14:06:23] (S): Done inserting page: About Us .
[09/Sep/2020:14:06:23] (P): Filtering elementor meta...
[09/Sep/2020:14:06:23] (S): Filtered elementor meta.
[09/Sep/2020:14:06:23] (P): Inserting page: Portfolio .
[09/Sep/2020:14:06:23] (S): Done inserting page: Portfolio .
[09/Sep/2020:14:06:23] (P): Filtering elementor meta...
[09/Sep/2020:14:06:23] (S): Filtered elementor meta.
[09/Sep/2020:14:06:23] (P): Inserting page: Contact .
[09/Sep/2020:14:06:23] (S): Done inserting page: Contact .
[09/Sep/2020:14:06:23] (P): Filtering elementor meta...
[09/Sep/2020:14:06:23] (S): Filtered elementor meta.
[09/Sep/2020:14:06:23] (P): Inserting page: Portfolio single .
[09/Sep/2020:14:06:23] (S): Done inserting page: Portfolio single .
[09/Sep/2020:14:06:23] (P): Filtering elementor meta...
[09/Sep/2020:14:06:23] (S): Filtered elementor meta.
[09/Sep/2020:14:06:23] (P): Processing single menu item ' '...
[09/Sep/2020:14:06:23] (S): Processed single menu item.
[09/Sep/2020:14:06:23] (P): Processing single menu item ' '...
[09/Sep/2020:14:06:23] (S): Processed single menu item.
[09/Sep/2020:14:06:23] (S): Processed posts.
[09/Sep/2020:14:06:23] (P): Processing single menu item ' '...
[09/Sep/2020:14:06:23] (S): Processed single menu item.
[09/Sep/2020:14:06:23] (P): Processing single menu item ' '...
[09/Sep/2020:14:06:23] (S): Processed single menu item.
[09/Sep/2020:14:06:23] (P): Processing single menu item ' '...
[09/Sep/2020:14:06:23] (S): Processed single menu item.
[09/Sep/2020:14:06:23] (P): Processing single menu item ' '...
[09/Sep/2020:14:06:23] (S): Processed single menu item.
[09/Sep/2020:14:06:23] (P): Cleaning up import with id ...
[09/Sep/2020:14:06:23] (P): Done cleanup. Flushing cache...
[09/Sep/2020:14:06:23] (P): Flushed cache. Removing temporary data..
[09/Sep/2020:14:06:23] (S): Done importing
[09/Sep/2020:14:06:23] (P): Busting elementor cache
[09/Sep/2020:14:06:23] (S): Front page set up with id: 5.
